This is XeTeX, Version 3.14159265-2.6-0.999992 (TeX Live 2020/W32TeX) (preloaded format=xelatex 2020.8.8)  31 JAN 2021 15:04
entering extended mode
 restricted \write18 enabled.
 %&-line parsing enabled.
**MCM.tex
(./MCM.tex
LaTeX2e <2020-02-02> patch level 5
L3 programming layer <2020-03-06>
(d:/texlive/texmf-dist/tex/latex/beamer/beamer.cls
Document Class: beamer 2019/09/29 v3.57 A class for typesetting presentations
(d:/texlive/texmf-dist/tex/latex/beamer/beamerbasemodes.sty
(d:/texlive/texmf-dist/tex/latex/etoolbox/etoolbox.sty
Package: etoolbox 2019/09/21 v2.5h e-TeX tools for LaTeX (JAW)
\etb@tempcnta=\count163
)
\beamer@tempbox=\box45
\beamer@tempcount=\count164
\c@beamerpauses=\count165

(d:/texlive/texmf-dist/tex/latex/beamer/beamerbasedecode.sty
\beamer@slideinframe=\count166
\beamer@minimum=\count167
\beamer@decode@box=\box46
)
\beamer@commentbox=\box47
\beamer@modecount=\count168
)
(d:/texlive/texmf-dist/tex/generic/iftex/ifpdf.sty
Package: ifpdf 2019/10/25 v3.4 ifpdf legacy package. Use iftex instead.

(d:/texlive/texmf-dist/tex/generic/iftex/iftex.sty
Package: iftex 2020/03/06 v1.0d TeX engine tests
))
\headdp=\dimen134
\footheight=\dimen135
\sidebarheight=\dimen136
\beamer@tempdim=\dimen137
\beamer@finalheight=\dimen138
\beamer@animht=\dimen139
\beamer@animdp=\dimen140
\beamer@animwd=\dimen141
\beamer@leftmargin=\dimen142
\beamer@rightmargin=\dimen143
\beamer@leftsidebar=\dimen144
\beamer@rightsidebar=\dimen145
\beamer@boxsize=\dimen146
\beamer@vboxoffset=\dimen147
\beamer@descdefault=\dimen148
\beamer@descriptionwidth=\dimen149
\beamer@lastskip=\skip47
\beamer@areabox=\box48
\beamer@animcurrent=\box49
\beamer@animshowbox=\box50
\beamer@sectionbox=\box51
\beamer@logobox=\box52
\beamer@linebox=\box53
\beamer@sectioncount=\count169
\beamer@subsubsectionmax=\count170
\beamer@subsectionmax=\count171
\beamer@sectionmax=\count172
\beamer@totalheads=\count173
\beamer@headcounter=\count174
\beamer@partstartpage=\count175
\beamer@sectionstartpage=\count176
\beamer@subsectionstartpage=\count177
\beamer@animationtempa=\count178
\beamer@animationtempb=\count179
\beamer@xpos=\count180
\beamer@ypos=\count181
\beamer@ypos@offset=\count182
\beamer@showpartnumber=\count183
\beamer@currentsubsection=\count184
\beamer@coveringdepth=\count185
\beamer@sectionadjust=\count186
\beamer@tocsectionnumber=\count187

(d:/texlive/texmf-dist/tex/latex/beamer/beamerbaseoptions.sty
(d:/texlive/texmf-dist/tex/latex/graphics/keyval.sty
Package: keyval 2014/10/28 v1.15 key=value parser (DPC)
\KV@toks@=\toks15
))
\beamer@paperwidth=\skip48
\beamer@paperheight=\skip49

(d:/texlive/texmf-dist/tex/latex/geometry/geometry.sty
Package: geometry 2020/01/02 v5.9 Page Geometry

(d:/texlive/texmf-dist/tex/generic/iftex/ifvtex.sty
Package: ifvtex 2019/10/25 v1.7 ifvtex legacy package. Use iftex instead.
)
\Gm@cnth=\count188
\Gm@cntv=\count189
\c@Gm@tempcnt=\count190
\Gm@bindingoffset=\dimen150
\Gm@wd@mp=\dimen151
\Gm@odd@mp=\dimen152
\Gm@even@mp=\dimen153
\Gm@layoutwidth=\dimen154
\Gm@layoutheight=\dimen155
\Gm@layouthoffset=\dimen156
\Gm@layoutvoffset=\dimen157
\Gm@dimlist=\toks16
)
(d:/texlive/texmf-dist/tex/latex/base/size10.clo
File: size10.clo 2019/12/20 v1.4l Standard LaTeX file (size option)
)
(d:/texlive/texmf-dist/tex/latex/pgf/basiclayer/pgfcore.sty
(d:/texlive/texmf-dist/tex/latex/graphics/graphicx.sty
Package: graphicx 2019/11/30 v1.2a Enhanced LaTeX Graphics (DPC,SPQR)

(d:/texlive/texmf-dist/tex/latex/graphics/graphics.sty
Package: graphics 2019/11/30 v1.4a Standard LaTeX Graphics (DPC,SPQR)

(d:/texlive/texmf-dist/tex/latex/graphics/trig.sty
Package: trig 2016/01/03 v1.10 sin cos tan (DPC)
)
(d:/texlive/texmf-dist/tex/latex/graphics-cfg/graphics.cfg
File: graphics.cfg 2016/06/04 v1.11 sample graphics configuration
)
Package graphics Info: Driver file: xetex.def on input line 105.

(d:/texlive/texmf-dist/tex/latex/graphics-def/xetex.def
File: xetex.def 2017/06/24 v5.0h Graphics/color driver for xetex
))
\Gin@req@height=\dimen158
\Gin@req@width=\dimen159
)
(d:/texlive/texmf-dist/tex/latex/pgf/systemlayer/pgfsys.sty
(d:/texlive/texmf-dist/tex/latex/pgf/utilities/pgfrcs.sty
(d:/texlive/texmf-dist/tex/generic/pgf/utilities/pgfutil-common.tex
\pgfutil@everybye=\toks17
\pgfutil@tempdima=\dimen160
\pgfutil@tempdimb=\dimen161

(d:/texlive/texmf-dist/tex/generic/pgf/utilities/pgfutil-common-lists.tex))
(d:/texlive/texmf-dist/tex/generic/pgf/utilities/pgfutil-latex.def
\pgfutil@abb=\box54

(d:/texlive/texmf-dist/tex/latex/ms/everyshi.sty
Package: everyshi 2001/05/15 v3.00 EveryShipout Package (MS)
))
(d:/texlive/texmf-dist/tex/generic/pgf/utilities/pgfrcs.code.tex
(d:/texlive/texmf-dist/tex/generic/pgf/pgf.revision.tex)
Package: pgfrcs 2020/01/08 v3.1.5b (3.1.5b)
))
(d:/texlive/texmf-dist/tex/generic/pgf/systemlayer/pgfsys.code.tex
Package: pgfsys 2020/01/08 v3.1.5b (3.1.5b)

(d:/texlive/texmf-dist/tex/generic/pgf/utilities/pgfkeys.code.tex
\pgfkeys@pathtoks=\toks18
\pgfkeys@temptoks=\toks19

(d:/texlive/texmf-dist/tex/generic/pgf/utilities/pgfkeysfiltered.code.tex
\pgfkeys@tmptoks=\toks20
))
\pgf@x=\dimen162
\pgf@y=\dimen163
\pgf@xa=\dimen164
\pgf@ya=\dimen165
\pgf@xb=\dimen166
\pgf@yb=\dimen167
\pgf@xc=\dimen168
\pgf@yc=\dimen169
\pgf@xd=\dimen170
\pgf@yd=\dimen171
\w@pgf@writea=\write3
\r@pgf@reada=\read2
\c@pgf@counta=\count191
\c@pgf@countb=\count192
\c@pgf@countc=\count193
\c@pgf@countd=\count194
\t@pgf@toka=\toks21
\t@pgf@tokb=\toks22
\t@pgf@tokc=\toks23
\pgf@sys@id@count=\count195

(d:/texlive/texmf-dist/tex/generic/pgf/systemlayer/pgf.cfg
File: pgf.cfg 2020/01/08 v3.1.5b (3.1.5b)
)
Driver file for pgf: pgfsys-xetex.def

(d:/texlive/texmf-dist/tex/generic/pgf/systemlayer/pgfsys-xetex.def
File: pgfsys-xetex.def 2020/01/08 v3.1.5b (3.1.5b)

(d:/texlive/texmf-dist/tex/generic/pgf/systemlayer/pgfsys-dvipdfmx.def
File: pgfsys-dvipdfmx.def 2020/01/08 v3.1.5b (3.1.5b)

(d:/texlive/texmf-dist/tex/generic/pgf/systemlayer/pgfsys-common-pdf.def
File: pgfsys-common-pdf.def 2020/01/08 v3.1.5b (3.1.5b)
)
\pgfsys@objnum=\count196
)))
(d:/texlive/texmf-dist/tex/generic/pgf/systemlayer/pgfsyssoftpath.code.tex
File: pgfsyssoftpath.code.tex 2020/01/08 v3.1.5b (3.1.5b)
\pgfsyssoftpath@smallbuffer@items=\count197
\pgfsyssoftpath@bigbuffer@items=\count198
)
(d:/texlive/texmf-dist/tex/generic/pgf/systemlayer/pgfsysprotocol.code.tex
File: pgfsysprotocol.code.tex 2020/01/08 v3.1.5b (3.1.5b)
))
(d:/texlive/texmf-dist/tex/latex/xcolor/xcolor.sty
Package: xcolor 2016/05/11 v2.12 LaTeX color extensions (UK)

(d:/texlive/texmf-dist/tex/latex/graphics-cfg/color.cfg
File: color.cfg 2016/01/02 v1.6 sample color configuration
)
Package xcolor Info: Driver file: xetex.def on input line 225.
Package xcolor Info: Model `cmy' substituted by `cmy0' on input line 1348.
Package xcolor Info: Model `RGB' extended on input line 1364.
Package xcolor Info: Model `HTML' substituted by `rgb' on input line 1366.
Package xcolor Info: Model `Hsb' substituted by `hsb' on input line 1367.
Package xcolor Info: Model `tHsb' substituted by `hsb' on input line 1368.
Package xcolor Info: Model `HSB' substituted by `hsb' on input line 1369.
Package xcolor Info: Model `Gray' substituted by `gray' on input line 1370.
Package xcolor Info: Model `wave' substituted by `hsb' on input line 1371.
)
(d:/texlive/texmf-dist/tex/generic/pgf/basiclayer/pgfcore.code.tex
Package: pgfcore 2020/01/08 v3.1.5b (3.1.5b)

(d:/texlive/texmf-dist/tex/generic/pgf/math/pgfmath.code.tex
(d:/texlive/texmf-dist/tex/generic/pgf/math/pgfmathcalc.code.tex
(d:/texlive/texmf-dist/tex/generic/pgf/math/pgfmathutil.code.tex)
(d:/texlive/texmf-dist/tex/generic/pgf/math/pgfmathparser.code.tex
\pgfmath@dimen=\dimen172
\pgfmath@count=\count199
\pgfmath@box=\box55
\pgfmath@toks=\toks24
\pgfmath@stack@operand=\toks25
\pgfmath@stack@operation=\toks26
)
(d:/texlive/texmf-dist/tex/generic/pgf/math/pgfmathfunctions.code.tex
(d:/texlive/texmf-dist/tex/generic/pgf/math/pgfmathfunctions.basic.code.tex)
(d:/texlive/texmf-dist/tex/generic/pgf/math/pgfmathfunctions.trigonometric.code
.tex)
(d:/texlive/texmf-dist/tex/generic/pgf/math/pgfmathfunctions.random.code.tex)
(d:/texlive/texmf-dist/tex/generic/pgf/math/pgfmathfunctions.comparison.code.te
x) (d:/texlive/texmf-dist/tex/generic/pgf/math/pgfmathfunctions.base.code.tex)
(d:/texlive/texmf-dist/tex/generic/pgf/math/pgfmathfunctions.round.code.tex)
(d:/texlive/texmf-dist/tex/generic/pgf/math/pgfmathfunctions.misc.code.tex)
(d:/texlive/texmf-dist/tex/generic/pgf/math/pgfmathfunctions.integerarithmetics
.code.tex))) (d:/texlive/texmf-dist/tex/generic/pgf/math/pgfmathfloat.code.tex
\c@pgfmathroundto@lastzeros=\count266
)) (d:/texlive/texmf-dist/tex/generic/pgf/math/pgfint.code.tex)
(d:/texlive/texmf-dist/tex/generic/pgf/basiclayer/pgfcorepoints.code.tex
File: pgfcorepoints.code.tex 2020/01/08 v3.1.5b (3.1.5b)
\pgf@picminx=\dimen173
\pgf@picmaxx=\dimen174
\pgf@picminy=\dimen175
\pgf@picmaxy=\dimen176
\pgf@pathminx=\dimen177
\pgf@pathmaxx=\dimen178
\pgf@pathminy=\dimen179
\pgf@pathmaxy=\dimen180
\pgf@xx=\dimen181
\pgf@xy=\dimen182
\pgf@yx=\dimen183
\pgf@yy=\dimen184
\pgf@zx=\dimen185
\pgf@zy=\dimen186
)
(d:/texlive/texmf-dist/tex/generic/pgf/basiclayer/pgfcorepathconstruct.code.tex
File: pgfcorepathconstruct.code.tex 2020/01/08 v3.1.5b (3.1.5b)
\pgf@path@lastx=\dimen187
\pgf@path@lasty=\dimen188
) (d:/texlive/texmf-dist/tex/generic/pgf/basiclayer/pgfcorepathusage.code.tex
File: pgfcorepathusage.code.tex 2020/01/08 v3.1.5b (3.1.5b)
\pgf@shorten@end@additional=\dimen189
\pgf@shorten@start@additional=\dimen190
)
(d:/texlive/texmf-dist/tex/generic/pgf/basiclayer/pgfcorescopes.code.tex
File: pgfcorescopes.code.tex 2020/01/08 v3.1.5b (3.1.5b)
\pgfpic=\box56
\pgf@hbox=\box57
\pgf@layerbox@main=\box58
\pgf@picture@serial@count=\count267
)
(d:/texlive/texmf-dist/tex/generic/pgf/basiclayer/pgfcoregraphicstate.code.tex
File: pgfcoregraphicstate.code.tex 2020/01/08 v3.1.5b (3.1.5b)
\pgflinewidth=\dimen191
)
(d:/texlive/texmf-dist/tex/generic/pgf/basiclayer/pgfcoretransformations.code.t
ex
File: pgfcoretransformations.code.tex 2020/01/08 v3.1.5b (3.1.5b)
\pgf@pt@x=\dimen192
\pgf@pt@y=\dimen193
\pgf@pt@temp=\dimen194
) (d:/texlive/texmf-dist/tex/generic/pgf/basiclayer/pgfcorequick.code.tex
File: pgfcorequick.code.tex 2020/01/08 v3.1.5b (3.1.5b)
)
(d:/texlive/texmf-dist/tex/generic/pgf/basiclayer/pgfcoreobjects.code.tex
File: pgfcoreobjects.code.tex 2020/01/08 v3.1.5b (3.1.5b)
)
(d:/texlive/texmf-dist/tex/generic/pgf/basiclayer/pgfcorepathprocessing.code.te
x
File: pgfcorepathprocessing.code.tex 2020/01/08 v3.1.5b (3.1.5b)
) (d:/texlive/texmf-dist/tex/generic/pgf/basiclayer/pgfcorearrows.code.tex
File: pgfcorearrows.code.tex 2020/01/08 v3.1.5b (3.1.5b)
\pgfarrowsep=\dimen195
)
(d:/texlive/texmf-dist/tex/generic/pgf/basiclayer/pgfcoreshade.code.tex
File: pgfcoreshade.code.tex 2020/01/08 v3.1.5b (3.1.5b)
\pgf@max=\dimen196
\pgf@sys@shading@range@num=\count268
\pgf@shadingcount=\count269
)
(d:/texlive/texmf-dist/tex/generic/pgf/basiclayer/pgfcoreimage.code.tex
File: pgfcoreimage.code.tex 2020/01/08 v3.1.5b (3.1.5b)

(d:/texlive/texmf-dist/tex/generic/pgf/basiclayer/pgfcoreexternal.code.tex
File: pgfcoreexternal.code.tex 2020/01/08 v3.1.5b (3.1.5b)
\pgfexternal@startupbox=\box59
))
(d:/texlive/texmf-dist/tex/generic/pgf/basiclayer/pgfcorelayers.code.tex
File: pgfcorelayers.code.tex 2020/01/08 v3.1.5b (3.1.5b)
)
(d:/texlive/texmf-dist/tex/generic/pgf/basiclayer/pgfcoretransparency.code.tex
File: pgfcoretransparency.code.tex 2020/01/08 v3.1.5b (3.1.5b)
) (d:/texlive/texmf-dist/tex/generic/pgf/basiclayer/pgfcorepatterns.code.tex
File: pgfcorepatterns.code.tex 2020/01/08 v3.1.5b (3.1.5b)
)
(d:/texlive/texmf-dist/tex/generic/pgf/basiclayer/pgfcorerdf.code.tex
File: pgfcorerdf.code.tex 2020/01/08 v3.1.5b (3.1.5b)
)))
(d:/texlive/texmf-dist/tex/latex/pgf/utilities/xxcolor.sty
Package: xxcolor 2003/10/24 ver 0.1
\XC@nummixins=\count270
\XC@countmixins=\count271
)
(d:/texlive/texmf-dist/tex/generic/atbegshi/atbegshi.sty
Package: atbegshi 2019/12/05 v1.19 At begin shipout hook (HO)

(d:/texlive/texmf-dist/tex/generic/infwarerr/infwarerr.sty
Package: infwarerr 2019/12/03 v1.5 Providing info/warning/error messages (HO)
)
(d:/texlive/texmf-dist/tex/generic/ltxcmds/ltxcmds.sty
Package: ltxcmds 2019/12/15 v1.24 LaTeX kernel commands for general use (HO)
))
(d:/texlive/texmf-dist/tex/latex/hyperref/hyperref.sty
Package: hyperref 2020/01/14 v7.00d Hypertext links for LaTeX

(d:/texlive/texmf-dist/tex/latex/pdftexcmds/pdftexcmds.sty
Package: pdftexcmds 2019/11/24 v0.31 Utility functions of pdfTeX for LuaTeX (HO
)
Package pdftexcmds Info: \pdf@primitive is available.
Package pdftexcmds Info: \pdf@ifprimitive is available.
Package pdftexcmds Info: \pdfdraftmode not found.
)
(d:/texlive/texmf-dist/tex/generic/kvsetkeys/kvsetkeys.sty
Package: kvsetkeys 2019/12/15 v1.18 Key value parser (HO)
)
(d:/texlive/texmf-dist/tex/generic/kvdefinekeys/kvdefinekeys.sty
Package: kvdefinekeys 2019-12-19 v1.6 Define keys (HO)
)
(d:/texlive/texmf-dist/tex/generic/pdfescape/pdfescape.sty
Package: pdfescape 2019/12/09 v1.15 Implements pdfTeX's escape features (HO)
)
(d:/texlive/texmf-dist/tex/latex/hycolor/hycolor.sty
Package: hycolor 2020-01-27 v1.10 Color options for hyperref/bookmark (HO)
)
(d:/texlive/texmf-dist/tex/latex/letltxmacro/letltxmacro.sty
Package: letltxmacro 2019/12/03 v1.6 Let assignment for LaTeX macros (HO)
)
(d:/texlive/texmf-dist/tex/latex/auxhook/auxhook.sty
Package: auxhook 2019-12-17 v1.6 Hooks for auxiliary files (HO)
)
(d:/texlive/texmf-dist/tex/latex/kvoptions/kvoptions.sty
Package: kvoptions 2019/11/29 v3.13 Key value format for package options (HO)
)
\@linkdim=\dimen197
\Hy@linkcounter=\count272
\Hy@pagecounter=\count273

(d:/texlive/texmf-dist/tex/latex/hyperref/pd1enc.def
File: pd1enc.def 2020/01/14 v7.00d Hyperref: PDFDocEncoding definition (HO)
)
(d:/texlive/texmf-dist/tex/generic/intcalc/intcalc.sty
Package: intcalc 2019/12/15 v1.3 Expandable calculations with integers (HO)
)
(d:/texlive/texmf-dist/tex/generic/etexcmds/etexcmds.sty
Package: etexcmds 2019/12/15 v1.7 Avoid name clashes with e-TeX commands (HO)
)
\Hy@SavedSpaceFactor=\count274
Package hyperref Info: Option `bookmarks' set `true' on input line 4421.
Package hyperref Info: Option `bookmarksopen' set `true' on input line 4421.
Package hyperref Info: Option `implicit' set `false' on input line 4421.
Package hyperref Info: Hyper figures OFF on input line 4547.
Package hyperref Info: Link nesting OFF on input line 4552.
Package hyperref Info: Hyper index ON on input line 4555.
Package hyperref Info: Plain pages OFF on input line 4562.
Package hyperref Info: Backreferencing OFF on input line 4567.
Package hyperref Info: Implicit mode OFF; no redefinition of LaTeX internals.
Package hyperref Info: Bookmarks ON on input line 4800.
\c@Hy@tempcnt=\count275

(d:/texlive/texmf-dist/tex/latex/url/url.sty
\Urlmuskip=\muskip16
Package: url 2013/09/16  ver 3.4  Verb mode for urls, etc.
)
LaTeX Info: Redefining \url on input line 5159.
\XeTeXLinkMargin=\dimen198

(d:/texlive/texmf-dist/tex/generic/bitset/bitset.sty
Package: bitset 2019/12/09 v1.3 Handle bit-vector datatype (HO)

(d:/texlive/texmf-dist/tex/generic/bigintcalc/bigintcalc.sty
Package: bigintcalc 2019/12/15 v1.5 Expandable calculations on big integers (HO
)
))
\Fld@menulength=\count276
\Field@Width=\dimen199
\Fld@charsize=\dimen256
Package hyperref Info: Hyper figures OFF on input line 6430.
Package hyperref Info: Link nesting OFF on input line 6435.
Package hyperref Info: Hyper index ON on input line 6438.
Package hyperref Info: backreferencing OFF on input line 6445.
Package hyperref Info: Link coloring OFF on input line 6450.
Package hyperref Info: Link coloring with OCG OFF on input line 6455.
Package hyperref Info: PDF/A mode OFF on input line 6460.
LaTeX Info: Redefining \ref on input line 6500.
LaTeX Info: Redefining \pageref on input line 6504.
\Hy@abspage=\count277


Package hyperref Message: Stopped early.

)
Package hyperref Info: Driver (autodetected): hxetex.
 (d:/texlive/texmf-dist/tex/latex/hyperref/hxetex.def
File: hxetex.def 2020/01/14 v7.00d Hyperref driver for XeTeX

(d:/texlive/texmf-dist/tex/latex/hyperref/puenc.def
File: puenc.def 2020/01/14 v7.00d Hyperref: PDF Unicode definition (HO)
)
(d:/texlive/texmf-dist/tex/generic/stringenc/stringenc.sty
Package: stringenc 2019/11/29 v1.12 Convert strings between diff. encodings (HO
)
)
\pdfm@box=\box60
\c@Hy@AnnotLevel=\count278
\HyField@AnnotCount=\count279
\Fld@listcount=\count280
\c@bookmark@seq@number=\count281

(d:/texlive/texmf-dist/tex/latex/rerunfilecheck/rerunfilecheck.sty
Package: rerunfilecheck 2019/12/05 v1.9 Rerun checks for auxiliary files (HO)

(d:/texlive/texmf-dist/tex/latex/atveryend/atveryend.sty
Package: atveryend 2019-12-11 v1.11 Hooks at the very end of document (HO)
)
(d:/texlive/texmf-dist/tex/generic/uniquecounter/uniquecounter.sty
Package: uniquecounter 2019/12/15 v1.4 Provide unlimited unique counter (HO)
)
Package uniquecounter Info: New unique counter `rerunfilecheck' on input line 2
86.
))
(d:/texlive/texmf-dist/tex/generic/stringenc/se-ascii-print.def
File: se-ascii-print.def 2019/11/29 v1.12 stringenc: Printable ASCII characters

)
(d:/texlive/texmf-dist/tex/latex/beamer/beamerbaserequires.sty
(d:/texlive/texmf-dist/tex/latex/beamer/beamerbasecompatibility.sty)
(d:/texlive/texmf-dist/tex/latex/beamer/beamerbasefont.sty
(d:/texlive/texmf-dist/tex/latex/amsfonts/amssymb.sty
Package: amssymb 2013/01/14 v3.01 AMS font symbols

(d:/texlive/texmf-dist/tex/latex/amsfonts/amsfonts.sty
Package: amsfonts 2013/01/14 v3.01 Basic AMSFonts support
\@emptytoks=\toks27
\symAMSa=\mathgroup4
\symAMSb=\mathgroup5
LaTeX Font Info:    Redeclaring math symbol \hbar on input line 98.
LaTeX Font Info:    Overwriting math alphabet `\mathfrak' in version `bold'
(Font)                  U/euf/m/n --> U/euf/b/n on input line 106.
))
(d:/texlive/texmf-dist/tex/latex/sansmathaccent/sansmathaccent.sty
Package: sansmathaccent 2020/01/31

(d:/texlive/texmf-dist/tex/latex/koma-script/scrlfile.sty
Package: scrlfile 2020/01/24 v3.29 KOMA-Script package (loading files)
)))
(d:/texlive/texmf-dist/tex/latex/beamer/beamerbasetranslator.sty
(d:/texlive/texmf-dist/tex/latex/translator/translator.sty
Package: translator 2019-05-31 v1.12a Easy translation of strings in LaTeX
))
(d:/texlive/texmf-dist/tex/latex/beamer/beamerbasemisc.sty)
(d:/texlive/texmf-dist/tex/latex/beamer/beamerbasetwoscreens.sty)
(d:/texlive/texmf-dist/tex/latex/beamer/beamerbaseoverlay.sty
\beamer@argscount=\count282
\beamer@lastskipcover=\skip50
\beamer@trivlistdepth=\count283
)
(d:/texlive/texmf-dist/tex/latex/beamer/beamerbasetitle.sty)
(d:/texlive/texmf-dist/tex/latex/beamer/beamerbasesection.sty
\c@lecture=\count284
\c@part=\count285
\c@section=\count286
\c@subsection=\count287
\c@subsubsection=\count288
)
(d:/texlive/texmf-dist/tex/latex/beamer/beamerbaseframe.sty
\beamer@framebox=\box61
\beamer@frametitlebox=\box62
\beamer@zoombox=\box63
\beamer@zoomcount=\count289
\beamer@zoomframecount=\count290
\beamer@frametextheight=\dimen257
\c@subsectionslide=\count291
\beamer@frametopskip=\skip51
\beamer@framebottomskip=\skip52
\beamer@frametopskipautobreak=\skip53
\beamer@framebottomskipautobreak=\skip54
\beamer@envbody=\toks28
\framewidth=\dimen258
\c@framenumber=\count292
)
(d:/texlive/texmf-dist/tex/latex/beamer/beamerbaseverbatim.sty
\beamer@verbatimfileout=\write4
)
(d:/texlive/texmf-dist/tex/latex/beamer/beamerbaseframesize.sty
\beamer@splitbox=\box64
\beamer@autobreakcount=\count293
\beamer@autobreaklastheight=\dimen259
\beamer@frametitletoks=\toks29
\beamer@framesubtitletoks=\toks30
)
(d:/texlive/texmf-dist/tex/latex/beamer/beamerbaseframecomponents.sty
\beamer@footins=\box65
)
(d:/texlive/texmf-dist/tex/latex/beamer/beamerbasecolor.sty)
(d:/texlive/texmf-dist/tex/latex/beamer/beamerbasenotes.sty
\beamer@frameboxcopy=\box66
)
(d:/texlive/texmf-dist/tex/latex/beamer/beamerbasetoc.sty)
(d:/texlive/texmf-dist/tex/latex/beamer/beamerbasetemplates.sty
\beamer@sbttoks=\toks31

(d:/texlive/texmf-dist/tex/latex/beamer/beamerbaseauxtemplates.sty
(d:/texlive/texmf-dist/tex/latex/beamer/beamerbaseboxes.sty
\bmb@box=\box67
\bmb@colorbox=\box68
\bmb@boxshadow=\box69
\bmb@boxshadowball=\box70
\bmb@boxshadowballlarge=\box71
\bmb@temp=\dimen260
\bmb@dima=\dimen261
\bmb@dimb=\dimen262
\bmb@prevheight=\dimen263
)
\beamer@blockheadheight=\dimen264
))
(d:/texlive/texmf-dist/tex/latex/beamer/beamerbaselocalstructure.sty
(d:/texlive/texmf-dist/tex/latex/tools/enumerate.sty
Package: enumerate 2015/07/23 v3.00 enumerate extensions (DPC)
\@enLab=\toks32
)
\c@figure=\count294
\c@table=\count295
\abovecaptionskip=\skip55
\belowcaptionskip=\skip56
)
(d:/texlive/texmf-dist/tex/latex/beamer/beamerbasenavigation.sty
\beamer@section@min@dim=\dimen265
)
(d:/texlive/texmf-dist/tex/latex/beamer/beamerbasetheorems.sty
(d:/texlive/texmf-dist/tex/latex/amsmath/amsmath.sty
Package: amsmath 2020/01/20 v2.17e AMS math features
\@mathmargin=\skip57

For additional information on amsmath, use the `?' option.
(d:/texlive/texmf-dist/tex/latex/amsmath/amstext.sty
Package: amstext 2000/06/29 v2.01 AMS text

(d:/texlive/texmf-dist/tex/latex/amsmath/amsgen.sty
File: amsgen.sty 1999/11/30 v2.0 generic functions
\@emptytoks=\toks33
\ex@=\dimen266
))
(d:/texlive/texmf-dist/tex/latex/amsmath/amsbsy.sty
Package: amsbsy 1999/11/29 v1.2d Bold Symbols
\pmbraise@=\dimen267
)
(d:/texlive/texmf-dist/tex/latex/amsmath/amsopn.sty
Package: amsopn 2016/03/08 v2.02 operator names
)
\inf@bad=\count296
LaTeX Info: Redefining \frac on input line 227.
\uproot@=\count297
\leftroot@=\count298
LaTeX Info: Redefining \overline on input line 389.
\classnum@=\count299
\DOTSCASE@=\count300
LaTeX Info: Redefining \ldots on input line 486.
LaTeX Info: Redefining \dots on input line 489.
LaTeX Info: Redefining \cdots on input line 610.
\Mathstrutbox@=\box72
\strutbox@=\box73
\big@size=\dimen268
LaTeX Font Info:    Redeclaring font encoding OML on input line 733.
LaTeX Font Info:    Redeclaring font encoding OMS on input line 734.
\macc@depth=\count301
\c@MaxMatrixCols=\count302
\dotsspace@=\muskip17
\c@parentequation=\count303
\dspbrk@lvl=\count304
\tag@help=\toks34
\row@=\count305
\column@=\count306
\maxfields@=\count307
\andhelp@=\toks35
\eqnshift@=\dimen269
\alignsep@=\dimen270
\tagshift@=\dimen271
\tagwidth@=\dimen272
\totwidth@=\dimen273
\lineht@=\dimen274
\@envbody=\toks36
\multlinegap=\skip58
\multlinetaggap=\skip59
\mathdisplay@stack=\toks37
LaTeX Info: Redefining \[ on input line 2859.
LaTeX Info: Redefining \] on input line 2860.
)
(d:/texlive/texmf-dist/tex/latex/amscls/amsthm.sty
Package: amsthm 2017/10/31 v2.20.4
\thm@style=\toks38
\thm@bodyfont=\toks39
\thm@headfont=\toks40
\thm@notefont=\toks41
\thm@headpunct=\toks42
\thm@preskip=\skip60
\thm@postskip=\skip61
\thm@headsep=\skip62
\dth@everypar=\toks43
)
\c@theorem=\count308
)
(d:/texlive/texmf-dist/tex/latex/beamer/beamerbasethemes.sty))
(d:/texlive/texmf-dist/tex/latex/beamer/beamerthemedefault.sty
(d:/texlive/texmf-dist/tex/latex/beamer/beamerfontthemedefault.sty)
(d:/texlive/texmf-dist/tex/latex/beamer/beamercolorthemedefault.sty)
(d:/texlive/texmf-dist/tex/latex/beamer/beamerinnerthemedefault.sty
\beamer@dima=\dimen275
\beamer@dimb=\dimen276
)
(d:/texlive/texmf-dist/tex/latex/beamer/beamerouterthemedefault.sty)))
(./beamerthemescnu.sty

LaTeX Warning: You have requested package `beamerthemescnu',
               but the package provides `beamerthemeVerona'.

Package: beamerthemeVerona 2015/12/23 v.0.2 Themes for the Beamer class
(d:/texlive/texmf-dist/tex/latex/fontspec/fontspec.sty
(d:/texlive/texmf-dist/tex/latex/l3packages/xparse/xparse.sty
(d:/texlive/texmf-dist/tex/latex/l3kernel/expl3.sty
Package: expl3 2020-03-06 L3 programming layer (loader) 

(d:/texlive/texmf-dist/tex/latex/l3backend/l3backend-xdvipdfmx.def
File: l3backend-xdvipdfmx.def 2020-03-12 L3 backend support: xdvipdfmx
\g__graphics_track_int=\count309
\l__pdf_internal_box=\box74
\g__pdf_backend_object_int=\count310
\g__pdf_backend_annotation_int=\count311
))
Package: xparse 2020-03-06 L3 Experimental document command parser
\l__xparse_current_arg_int=\count312
\g__xparse_grabber_int=\count313
\l__xparse_m_args_int=\count314
\l__xparse_v_nesting_int=\count315
)
Package: fontspec 2020/02/21 v2.7i Font selection for XeLaTeX and LuaLaTeX

(d:/texlive/texmf-dist/tex/latex/fontspec/fontspec-xetex.sty
Package: fontspec-xetex 2020/02/21 v2.7i Font selection for XeLaTeX and LuaLaTe
X
\l__fontspec_script_int=\count316
\l__fontspec_language_int=\count317
\l__fontspec_strnum_int=\count318
\l__fontspec_tmp_int=\count319
\l__fontspec_tmpa_int=\count320
\l__fontspec_tmpb_int=\count321
\l__fontspec_tmpc_int=\count322
\l__fontspec_em_int=\count323
\l__fontspec_emdef_int=\count324
\l__fontspec_strong_int=\count325
\l__fontspec_strongdef_int=\count326
\l__fontspec_tmpa_dim=\dimen277
\l__fontspec_tmpb_dim=\dimen278
\l__fontspec_tmpc_dim=\dimen279

(d:/texlive/texmf-dist/tex/latex/base/fontenc.sty
Package: fontenc 2020/02/11 v2.0o Standard LaTeX package
)
(d:/texlive/texmf-dist/tex/latex/fontspec/fontspec.cfg)))
(d:/texlive/texmf-dist/tex/latex/beamer/beamerfontthemeprofessionalfonts.sty)
(d:/texlive/texmf-dist/tex/latex/pgf/frontendlayer/tikz.sty
(d:/texlive/texmf-dist/tex/latex/pgf/basiclayer/pgf.sty
Package: pgf 2020/01/08 v3.1.5b (3.1.5b)

(d:/texlive/texmf-dist/tex/generic/pgf/modules/pgfmoduleshapes.code.tex
File: pgfmoduleshapes.code.tex 2020/01/08 v3.1.5b (3.1.5b)
\pgfnodeparttextbox=\box75
)
(d:/texlive/texmf-dist/tex/generic/pgf/modules/pgfmoduleplot.code.tex
File: pgfmoduleplot.code.tex 2020/01/08 v3.1.5b (3.1.5b)
)
(d:/texlive/texmf-dist/tex/latex/pgf/compatibility/pgfcomp-version-0-65.sty
Package: pgfcomp-version-0-65 2020/01/08 v3.1.5b (3.1.5b)
\pgf@nodesepstart=\dimen280
\pgf@nodesepend=\dimen281
)
(d:/texlive/texmf-dist/tex/latex/pgf/compatibility/pgfcomp-version-1-18.sty
Package: pgfcomp-version-1-18 2020/01/08 v3.1.5b (3.1.5b)
))
(d:/texlive/texmf-dist/tex/latex/pgf/utilities/pgffor.sty
(d:/texlive/texmf-dist/tex/latex/pgf/utilities/pgfkeys.sty
(d:/texlive/texmf-dist/tex/generic/pgf/utilities/pgfkeys.code.tex))
(d:/texlive/texmf-dist/tex/latex/pgf/math/pgfmath.sty
(d:/texlive/texmf-dist/tex/generic/pgf/math/pgfmath.code.tex))
(d:/texlive/texmf-dist/tex/generic/pgf/utilities/pgffor.code.tex
Package: pgffor 2020/01/08 v3.1.5b (3.1.5b)

(d:/texlive/texmf-dist/tex/generic/pgf/math/pgfmath.code.tex)
\pgffor@iter=\dimen282
\pgffor@skip=\dimen283
\pgffor@stack=\toks44
\pgffor@toks=\toks45
))
(d:/texlive/texmf-dist/tex/generic/pgf/frontendlayer/tikz/tikz.code.tex
Package: tikz 2020/01/08 v3.1.5b (3.1.5b)

(d:/texlive/texmf-dist/tex/generic/pgf/libraries/pgflibraryplothandlers.code.te
x
File: pgflibraryplothandlers.code.tex 2020/01/08 v3.1.5b (3.1.5b)
\pgf@plot@mark@count=\count327
\pgfplotmarksize=\dimen284
)
\tikz@lastx=\dimen285
\tikz@lasty=\dimen286
\tikz@lastxsaved=\dimen287
\tikz@lastysaved=\dimen288
\tikz@lastmovetox=\dimen289
\tikz@lastmovetoy=\dimen290
\tikzleveldistance=\dimen291
\tikzsiblingdistance=\dimen292
\tikz@figbox=\box76
\tikz@figbox@bg=\box77
\tikz@tempbox=\box78
\tikz@tempbox@bg=\box79
\tikztreelevel=\count328
\tikznumberofchildren=\count329
\tikznumberofcurrentchild=\count330
\tikz@fig@count=\count331
 (d:/texlive/texmf-dist/tex/generic/pgf/modules/pgfmodulematrix.code.tex
File: pgfmodulematrix.code.tex 2020/01/08 v3.1.5b (3.1.5b)
\pgfmatrixcurrentrow=\count332
\pgfmatrixcurrentcolumn=\count333
\pgf@matrix@numberofcolumns=\count334
)
\tikz@expandcount=\count335

(d:/texlive/texmf-dist/tex/generic/pgf/frontendlayer/tikz/libraries/tikzlibrary
topaths.code.tex
File: tikzlibrarytopaths.code.tex 2020/01/08 v3.1.5b (3.1.5b)
))) (d:/texlive/texmf-dist/tex/latex/tcolorbox/tcolorbox.sty
Package: tcolorbox 2019/11/15 version 4.22 text color boxes

(d:/texlive/texmf-dist/tex/latex/tools/verbatim.sty
Package: verbatim 2019/11/10 v1.5r LaTeX2e package for verbatim enhancements
\every@verbatim=\toks46
\verbatim@line=\toks47
\verbatim@in@stream=\read3
)
(d:/texlive/texmf-dist/tex/latex/environ/environ.sty
Package: environ 2014/05/04 v0.3 A new way to define environments

(d:/texlive/texmf-dist/tex/latex/trimspaces/trimspaces.sty
Package: trimspaces 2009/09/17 v1.1 Trim spaces around a token list
))
\tcb@titlebox=\box80
\tcb@upperbox=\box81
\tcb@lowerbox=\box82
\tcb@phantombox=\box83
\c@tcbbreakpart=\count336
\c@tcblayer=\count337
\tcolorbox@number=\count338
\tcb@temp=\box84
\tcb@temp=\box85
\tcb@temp=\box86
\tcb@temp=\box87
\tcb@out=\write5
\tcb@record@out=\write6
)
(d:/texlive/texmf-dist/tex/latex/tcolorbox/tcbskins.code.tex
Library (tcolorbox): 'tcbskins.code.tex' version '4.22'
\tcb@waterbox=\box88
(d:/texlive/texmf-dist/tex/latex/tcolorbox/tcbskinsjigsaw.code.tex
Library (tcolorbox): 'tcbskinsjigsaw.code.tex' version '4.22'
))
\frametitlesidebar=\skip63
) (d:/texlive/texmf-dist/tex/latex/base/fontenc.sty
Package: fontenc 2020/02/11 v2.0o Standard LaTeX package
LaTeX Font Info:    Trying to load font information for T1+lmss on input line 1
12.

(d:/texlive/texmf-dist/tex/latex/lm/t1lmss.fd
File: t1lmss.fd 2009/10/30 v1.6 Font defs for Latin Modern
))
(d:/texlive/texmf-dist/tex/latex/base/inputenc.sty
Package: inputenc 2018/08/11 v1.3c Input encoding file
\inpenc@prehook=\toks48
\inpenc@posthook=\toks49


Package inputenc Warning: inputenc package ignored with utf8 based engines.

) (d:/texlive/texmf-dist/tex/latex/lipsum/lipsum.sty
Package: lipsum 2019/01/02 v2.2 150 paragraphs of Lorem Ipsum dummy text

(d:/texlive/texmf-dist/tex/latex/lipsum/lipsum.ltd.tex
File: lipsum.ltd.tex 2019/01/02 v2.2 The Lorem ipsum dummy text
))
(d:/texlive/texmf-dist/tex/generic/pgf/frontendlayer/tikz/libraries/tikzlibrary
fadings.code.tex
File: tikzlibraryfadings.code.tex 2020/01/08 v3.1.5b (3.1.5b)

(d:/texlive/texmf-dist/tex/generic/pgf/libraries/pgflibraryfadings.code.tex
File: pgflibraryfadings.code.tex 2020/01/08 v3.1.5b (3.1.5b)
))
(d:/texlive/texmf-dist/tex/xelatex/xecjk/xeCJK.sty
Package: xeCJK 2020/02/18 v3.8.2 Typesetting CJK scripts with XeLaTeX

(d:/texlive/texmf-dist/tex/latex/l3packages/l3keys2e/l3keys2e.sty
Package: l3keys2e 2020-03-06 LaTeX2e option processing using LaTeX3 keys
)
(d:/texlive/texmf-dist/tex/latex/l3packages/xtemplate/xtemplate.sty
Package: xtemplate 2020-03-06 L3 Experimental prototype document functions
\l__xtemplate_tmp_dim=\dimen293
\l__xtemplate_tmp_int=\count339
\l__xtemplate_tmp_muskip=\muskip18
\l__xtemplate_tmp_skip=\skip64
)
\l__xeCJK_tmp_int=\count340
\l__xeCJK_tmp_box=\box89
\l__xeCJK_tmp_dim=\dimen294
\l__xeCJK_tmp_skip=\skip65
\g__xeCJK_space_factor_int=\count341
\l__xeCJK_begin_int=\count342
\l__xeCJK_end_int=\count343
\c__xeCJK_CJK_class_int=\XeTeXcharclass1
\c__xeCJK_FullLeft_class_int=\XeTeXcharclass2
\c__xeCJK_FullRight_class_int=\XeTeXcharclass3
\c__xeCJK_HalfLeft_class_int=\XeTeXcharclass4
\c__xeCJK_HalfRight_class_int=\XeTeXcharclass5
\c__xeCJK_NormalSpace_class_int=\XeTeXcharclass6
\c__xeCJK_CM_class_int=\XeTeXcharclass7
\c__xeCJK_HangulJamo_class_int=\XeTeXcharclass8
\l__xeCJK_last_skip=\skip66
\g__xeCJK_node_int=\count344
\c__xeCJK_CJK_node_dim=\dimen295
\c__xeCJK_CJK-space_node_dim=\dimen296
\c__xeCJK_default_node_dim=\dimen297
\c__xeCJK_default-space_node_dim=\dimen298
\c__xeCJK_CJK-widow_node_dim=\dimen299
\c__xeCJK_normalspace_node_dim=\dimen300
\l__xeCJK_ccglue_skip=\skip67
\l__xeCJK_ecglue_skip=\skip68
\l__xeCJK_punct_kern_skip=\skip69
\l__xeCJK_last_penalty_int=\count345
\l__xeCJK_last_bound_dim=\dimen301
\l__xeCJK_last_kern_dim=\dimen302
\l__xeCJK_widow_penalty_int=\count346

Package xtemplate Info: Declaring object type 'xeCJK/punctuation' taking 0
(xtemplate)             argument(s) on line 2302.

\l__xeCJK_fixed_punct_width_dim=\dimen303
\l__xeCJK_mixed_punct_width_dim=\dimen304
\l__xeCJK_middle_punct_width_dim=\dimen305
\l__xeCJK_fixed_margin_width_dim=\dimen306
\l__xeCJK_mixed_margin_width_dim=\dimen307
\l__xeCJK_middle_margin_width_dim=\dimen308
\l__xeCJK_bound_punct_width_dim=\dimen309
\l__xeCJK_bound_margin_width_dim=\dimen310
\l__xeCJK_margin_minimum_dim=\dimen311
\l__xeCJK_kerning_total_width_dim=\dimen312
\l__xeCJK_same_align_margin_dim=\dimen313
\l__xeCJK_different_align_margin_dim=\dimen314
\l__xeCJK_kerning_margin_width_dim=\dimen315
\l__xeCJK_kerning_margin_minimum_dim=\dimen316
\l__xeCJK_bound_dim=\dimen317
\l__xeCJK_reverse_bound_dim=\dimen318
\l__xeCJK_margin_dim=\dimen319
\l__xeCJK_minimum_bound_dim=\dimen320
\l__xeCJK_kerning_margin_dim=\dimen321
\g__xeCJK_family_int=\count347
\l__xeCJK_fam_int=\count348
\g__xeCJK_fam_allocation_int=\count349
\l__xeCJK_verb_case_int=\count350
\l__xeCJK_verb_exspace_skip=\skip70

(d:/texlive/texmf-dist/tex/xelatex/xecjk/xeCJK.cfg
File: xeCJK.cfg 2020/02/18 v3.8.2 Configuration file for xeCJK package
))
(d:/texlive/texmf-dist/tex/latex/listings/listings.sty
\lst@mode=\count351
\lst@gtempboxa=\box90
\lst@token=\toks50
\lst@length=\count352
\lst@currlwidth=\dimen322
\lst@column=\count353
\lst@pos=\count354
\lst@lostspace=\dimen323
\lst@width=\dimen324
\lst@newlines=\count355
\lst@lineno=\count356
\lst@maxwidth=\dimen325

(d:/texlive/texmf-dist/tex/latex/listings/lstmisc.sty
File: lstmisc.sty 2020/03/24 1.8d (Carsten Heinz)
\c@lstnumber=\count357
\lst@skipnumbers=\count358
\lst@framebox=\box91
)
(d:/texlive/texmf-dist/tex/latex/listings/listings.cfg
File: listings.cfg 2020/03/24 1.8d listings configuration
))
Package: listings 2020/03/24 1.8d (Carsten Heinz)

(d:/texlive/texmf-dist/tex/latex/caption/caption.sty
Package: caption 2020/01/03 v3.4h Customizing captions (AR)

(d:/texlive/texmf-dist/tex/latex/caption/caption3.sty
Package: caption3 2020/01/03 v1.8h caption3 kernel (AR)
Package caption3 Info: TeX engine: e-TeX on input line 61.
\captionmargin=\dimen326
\captionmargin@=\dimen327
\captionwidth=\dimen328
\caption@tempdima=\dimen329
\caption@indent=\dimen330
\caption@parindent=\dimen331
\caption@hangindent=\dimen332
Package caption Info: beamer document class detected.
)
\c@caption@flags=\count359
\c@continuedfloat=\count360
Package caption Info: beamer document class.
Package caption Info: hyperref package is loaded.
Package caption Info: Hyperref support is turned off
(caption)             because hyperref has stopped early.
Package caption Info: listings package is loaded.
)
(d:/texlive/texmf-dist/tex/latex/caption/subcaption.sty
Package: subcaption 2020/01/22 v1.3d Sub-captions (AR)
\c@subfigure=\count361
\c@subtable=\count362
)
(d:/texlive/texmf-dist/tex/latex/multirow/multirow.sty
Package: multirow 2019/05/31 v2.5 Span multiple rows of a table
\multirow@colwidth=\skip71
\multirow@cntb=\count363
\multirow@dima=\skip72
\bigstrutjot=\dimen333
)
(d:/texlive/texmf-dist/tex/latex/booktabs/booktabs.sty
Package: booktabs 2020/01/12 v1.61803398 Publication quality tables
\heavyrulewidth=\dimen334
\lightrulewidth=\dimen335
\cmidrulewidth=\dimen336
\belowrulesep=\dimen337
\belowbottomsep=\dimen338
\aboverulesep=\dimen339
\abovetopsep=\dimen340
\cmidrulesep=\dimen341
\cmidrulekern=\dimen342
\defaultaddspace=\dimen343
\@cmidla=\count364
\@cmidlb=\count365
\@aboverulesep=\dimen344
\@belowrulesep=\dimen345
\@thisruleclass=\count366
\@lastruleclass=\count367
\@thisrulewidth=\dimen346
)
(d:/texlive/texmf-dist/tex/latex/tools/bm.sty
Package: bm 2019/07/24 v1.2d Bold Symbol Support (DPC/FMi)
\symboldoperators=\mathgroup6
\symboldletters=\mathgroup7
\symboldsymbols=\mathgroup8
LaTeX Font Info:    Redeclaring math alphabet \mathbf on input line 141.
LaTeX Info: Redefining \bm on input line 209.
)

Package hyperref Warning: Token not allowed in a PDF string (Unicode):
(hyperref)                removing `math shift' on input line 61.


Package hyperref Warning: Token not allowed in a PDF string (Unicode):
(hyperref)                removing `subscript' on input line 61.


Package hyperref Warning: Token not allowed in a PDF string (Unicode):
(hyperref)                removing `math shift' on input line 61.


Package xeCJK Warning: Fandol is being set as the default font for CJK text.
(xeCJK)                Please make sure it has been properly installed.


Package fontspec Warning: Font "FandolHei-Regular" does not contain requested
(fontspec)                Script "CJK".


Package fontspec Info: Font family 'FandolHei-Regular(0)' created for font
(fontspec)             'FandolHei-Regular' with options
(fontspec)             [Script={CJK},Extension={.otf},BoldFont={FandolHei-Bold}
].
(fontspec)              
(fontspec)              This font family consists of the following NFSS
(fontspec)             series/shapes:
(fontspec)              
(fontspec)             - 'normal' (m/n) with NFSS spec.:
(fontspec)             <->"[FandolHei-Regular.otf]/OT:language=dflt;"
(fontspec)             - 'small caps'  (m/sc) with NFSS spec.: 
(fontspec)             - 'bold' (b/n) with NFSS spec.:
(fontspec)             <->"[FandolHei-Bold.otf]/OT:language=dflt;"
(fontspec)             - 'bold small caps'  (b/sc) with NFSS spec.: 

(d:/texlive/texmf-dist/tex/xelatex/xecjk/xeCJK-listings.sty
Package: xeCJK-listings 2020/02/18 v3.8.2 xeCJK patch file for listings
\l__xeCJK_listings_max_char_int=\count368
\l__xeCJK_listings_flag_int=\count369
) (./MCM.aux

LaTeX Warning: Label `ham' multiply defined.

)
\openout1 = `MCM.aux'.

LaTeX Font Info:    Checking defaults for OML/cmm/m/it on input line 61.
LaTeX Font Info:    ... okay on input line 61.
LaTeX Font Info:    Checking defaults for OMS/cmsy/m/n on input line 61.
LaTeX Font Info:    ... okay on input line 61.
LaTeX Font Info:    Checking defaults for OT1/cmr/m/n on input line 61.
LaTeX Font Info:    ... okay on input line 61.
LaTeX Font Info:    Checking defaults for T1/cmr/m/n on input line 61.
LaTeX Font Info:    ... okay on input line 61.
LaTeX Font Info:    Checking defaults for TS1/cmr/m/n on input line 61.
LaTeX Font Info:    Trying to load font information for TS1+cmr on input line 6
1.
 (d:/texlive/texmf-dist/tex/latex/base/ts1cmr.fd
File: ts1cmr.fd 2019/12/16 v2.5j Standard LaTeX font definitions
)
LaTeX Font Info:    ... okay on input line 61.
LaTeX Font Info:    Checking defaults for TU/lmr/m/n on input line 61.
LaTeX Font Info:    ... okay on input line 61.
LaTeX Font Info:    Checking defaults for OMX/cmex/m/n on input line 61.
LaTeX Font Info:    ... okay on input line 61.
LaTeX Font Info:    Checking defaults for U/cmr/m/n on input line 61.
LaTeX Font Info:    ... okay on input line 61.
LaTeX Font Info:    Checking defaults for PD1/pdf/m/n on input line 61.
LaTeX Font Info:    ... okay on input line 61.
LaTeX Font Info:    Checking defaults for PU/pdf/m/n on input line 61.
LaTeX Font Info:    ... okay on input line 61.

*geometry* driver: auto-detecting
*geometry* detected driver: xetex
*geometry* verbose mode - [ preamble ] result:
* driver: xetex
* paper: custom
* layout: <same size as paper>
* layoutoffset:(h,v)=(0.0pt,0.0pt)
* modes: includehead includefoot 
* h-part:(L,W,R)=(22.76219pt, 409.7197pt, 22.76219pt)
* v-part:(T,H,B)=(0.0pt, 256.0748pt, 0.0pt)
* \paperwidth=455.24408pt
* \paperheight=256.0748pt
* \textwidth=409.7197pt
* \textheight=227.62207pt
* \oddsidemargin=-49.5078pt
* \evensidemargin=-49.5078pt
* \topmargin=-72.26999pt
* \headheight=14.22636pt
* \headsep=0.0pt
* \topskip=10.0pt
* \footskip=14.22636pt
* \marginparwidth=3.0pt
* \marginparsep=11.0pt
* \columnsep=10.0pt
* \skip\footins=9.0pt plus 4.0pt minus 2.0pt
* \hoffset=0.0pt
* \voffset=0.0pt
* \mag=1000
* \@twocolumnfalse
* \@twosidefalse
* \@mparswitchfalse
* \@reversemarginfalse
* (1in=72.27pt=25.4mm, 1cm=28.453pt)

ABD: EveryShipout initializing macros
\AtBeginShipoutBox=\box92
Package hyperref Info: Link coloring OFF on input line 61.

(d:/texlive/texmf-dist/tex/latex/hyperref/nameref.sty
Package: nameref 2019/09/16 v2.46 Cross-referencing by name of section

(d:/texlive/texmf-dist/tex/latex/refcount/refcount.sty
Package: refcount 2019/12/15 v3.6 Data extraction from label references (HO)
)
(d:/texlive/texmf-dist/tex/generic/gettitlestring/gettitlestring.sty
Package: gettitlestring 2019/12/15 v1.6 Cleanup title references (HO)
)
\c@section@level=\count370
)
LaTeX Info: Redefining \ref on input line 61.
LaTeX Info: Redefining \pageref on input line 61.
LaTeX Info: Redefining \nameref on input line 61.

(./MCM.out) (./MCM.out)
\@outlinefile=\write7
\openout7 = `MCM.out'.


(d:/texlive/texmf-dist/tex/latex/translator/translator-basic-dictionary-English
.dict
Dictionary: translator-basic-dictionary, Language: English 
)
(d:/texlive/texmf-dist/tex/latex/translator/translator-bibliography-dictionary-
English.dict
Dictionary: translator-bibliography-dictionary, Language: English 
)
(d:/texlive/texmf-dist/tex/latex/translator/translator-environment-dictionary-E
nglish.dict
Dictionary: translator-environment-dictionary, Language: English 
)
(d:/texlive/texmf-dist/tex/latex/translator/translator-months-dictionary-Englis
h.dict
Dictionary: translator-months-dictionary, Language: English 
)
(d:/texlive/texmf-dist/tex/latex/translator/translator-numbers-dictionary-Engli
sh.dict
Dictionary: translator-numbers-dictionary, Language: English 
)
(d:/texlive/texmf-dist/tex/latex/translator/translator-theorem-dictionary-Engli
sh.dict
Dictionary: translator-theorem-dictionary, Language: English 
)

Package fontspec Info: Adjusting the maths setup (use [no-math] to avoid
(fontspec)             this).

\symlegacymaths=\mathgroup9
LaTeX Font Info:    Overwriting symbol font `legacymaths' in version `bold'
(Font)                  OT1/cmr/m/n --> OT1/cmr/bx/n on input line 61.
LaTeX Font Info:    Redeclaring math accent \acute on input line 61.
LaTeX Font Info:    Redeclaring math accent \grave on input line 61.
LaTeX Font Info:    Redeclaring math accent \ddot on input line 61.
LaTeX Font Info:    Redeclaring math accent \tilde on input line 61.
LaTeX Font Info:    Redeclaring math accent \bar on input line 61.
LaTeX Font Info:    Redeclaring math accent \breve on input line 61.
LaTeX Font Info:    Redeclaring math accent \check on input line 61.
LaTeX Font Info:    Redeclaring math accent \hat on input line 61.
LaTeX Font Info:    Redeclaring math accent \dot on input line 61.
LaTeX Font Info:    Redeclaring math accent \mathring on input line 61.
LaTeX Font Info:    Redeclaring math symbol \Gamma on input line 61.
LaTeX Font Info:    Redeclaring math symbol \Delta on input line 61.
LaTeX Font Info:    Redeclaring math symbol \Theta on input line 61.
LaTeX Font Info:    Redeclaring math symbol \Lambda on input line 61.
LaTeX Font Info:    Redeclaring math symbol \Xi on input line 61.
LaTeX Font Info:    Redeclaring math symbol \Pi on input line 61.
LaTeX Font Info:    Redeclaring math symbol \Sigma on input line 61.
LaTeX Font Info:    Redeclaring math symbol \Upsilon on input line 61.
LaTeX Font Info:    Redeclaring math symbol \Phi on input line 61.
LaTeX Font Info:    Redeclaring math symbol \Psi on input line 61.
LaTeX Font Info:    Redeclaring math symbol \Omega on input line 61.
LaTeX Font Info:    Redeclaring math symbol \mathdollar on input line 61.
LaTeX Font Info:    Redeclaring symbol font `operators' on input line 61.
LaTeX Font Info:    Encoding `OT1' has changed to `TU' for symbol font
(Font)              `operators' in the math version `normal' on input line 61.
LaTeX Font Info:    Overwriting symbol font `operators' in version `normal'
(Font)                  OT1/cmr/m/n --> TU/lmr/m/n on input line 61.
LaTeX Font Info:    Encoding `OT1' has changed to `TU' for symbol font
(Font)              `operators' in the math version `bold' on input line 61.
LaTeX Font Info:    Overwriting symbol font `operators' in version `bold'
(Font)                  OT1/cmr/bx/n --> TU/lmr/m/n on input line 61.
LaTeX Font Info:    Overwriting symbol font `operators' in version `normal'
(Font)                  TU/lmr/m/n --> TU/lmr/m/n on input line 61.
LaTeX Font Info:    Overwriting math alphabet `\mathit' in version `normal'
(Font)                  OT1/cmr/m/it --> TU/lmr/m/it on input line 61.
LaTeX Font Info:    Overwriting math alphabet `\mathbf' in version `normal'
(Font)                  OT1/cmr/bx/n --> TU/lmr/b/n on input line 61.
LaTeX Font Info:    Overwriting math alphabet `\mathsf' in version `normal'
(Font)                  OT1/cmss/m/n --> TU/lmss/m/n on input line 61.
LaTeX Font Info:    Overwriting math alphabet `\mathtt' in version `normal'
(Font)                  OT1/cmtt/m/n --> TU/lmtt/m/n on input line 61.
LaTeX Font Info:    Overwriting symbol font `operators' in version `bold'
(Font)                  TU/lmr/m/n --> TU/lmr/b/n on input line 61.
LaTeX Font Info:    Overwriting math alphabet `\mathit' in version `bold'
(Font)                  OT1/cmr/bx/it --> TU/lmr/b/it on input line 61.
LaTeX Font Info:    Overwriting math alphabet `\mathsf' in version `bold'
(Font)                  OT1/cmss/bx/n --> TU/lmss/b/n on input line 61.
LaTeX Font Info:    Overwriting math alphabet `\mathtt' in version `bold'
(Font)                  OT1/cmtt/m/n --> TU/lmtt/b/n on input line 61.
\c@lstlisting=\count371
Package caption Info: Begin \AtBeginDocument code.
Package caption Info: End \AtBeginDocument code.
 (./MCM.nav)
LaTeX Font Info:    Trying to load font information for U+msa on input line 61.

 (d:/texlive/texmf-dist/tex/latex/amsfonts/umsa.fd
File: umsa.fd 2013/01/14 v3.01 AMS symbols A
)
LaTeX Font Info:    Trying to load font information for U+msb on input line 61.


(d:/texlive/texmf-dist/tex/latex/amsfonts/umsb.fd
File: umsb.fd 2013/01/14 v3.01 AMS symbols B
)
Overfull \hbox (117.51947pt too wide) in paragraph at lines 61--61
 [][][][]  
 []

File: logo_01_scnu.pdf Graphic file (type pdf)
<use logo_01_scnu.pdf>

Package xeCJK Warning: Unknown CJK family `song' is being ignored.
(xeCJK)                
(xeCJK)                Try to use `\setCJKfamilyfont{song}[...]{...}' to
(xeCJK)                define it.


Package fontspec Warning: Font "FandolFang-Regular" does not contain requested
(fontspec)                Script "CJK".

LaTeX Font Info:    Trying to load font information for T1+lmtt on input line 6
2.
(d:/texlive/texmf-dist/tex/latex/lm/t1lmtt.fd
File: t1lmtt.fd 2009/10/30 v1.6 Font defs for Latin Modern
)
LaTeX Font Info:    Font shape `T1/lmtt/bx/n' in size <10> not available
(Font)              Font shape `T1/lmtt/b/n' tried instead on input line 62.

Package fontspec Info: Font family 'FandolFang-Regular(0)' created for font
(fontspec)             'FandolFang-Regular' with options
(fontspec)             [Script={CJK},Extension={.otf}].
(fontspec)              
(fontspec)              This font family consists of the following NFSS
(fontspec)             series/shapes:
(fontspec)              
(fontspec)             - 'normal' (m/n) with NFSS spec.:
(fontspec)             <->"[FandolFang-Regular.otf]/OT:language=dflt;"
(fontspec)             - 'small caps'  (m/sc) with NFSS spec.: 

LaTeX Font Info:    Font shape `T1/lmtt/bx/n' in size <7> not available
(Font)              Font shape `T1/lmtt/b/n' tried instead on input line 62.
LaTeX Font Info:    Font shape `T1/lmtt/bx/n' in size <12> not available
(Font)              Font shape `T1/lmtt/b/n' tried instead on input line 62.
 [1

] (./MCM.toc)
File: logo_scnu.pdf Graphic file (type pdf)
<use logo_scnu.pdf>

Overfull \hbox (117.51947pt too wide) has occurred while \output is active
 [][][][]  
 []


Overfull \hbox (1.17358pt too wide) has occurred while \output is active
[][]  [] 
 []

[2

]
File: pic/fig1.png Graphic file (type bmp)
<pic/fig1.png>
File: logo_scnu.pdf Graphic file (type pdf)
<use logo_scnu.pdf>

Overfull \vbox (7.36137pt too high) detected at line 80
 []


Overfull \hbox (117.51947pt too wide) has occurred while \output is active
 [][][][]  
 []


Overfull \hbox (1.17358pt too wide) has occurred while \output is active
[][]  [] 
 []

[3

]
File: pic/fig6.jpg Graphic file (type bmp)
<pic/fig6.jpg>
File: logo_scnu.pdf Graphic file (type pdf)
<use logo_scnu.pdf>

Overfull \hbox (117.51947pt too wide) has occurred while \output is active
 [][][][]  
 []


Overfull \hbox (1.17358pt too wide) has occurred while \output is active
[][]  [] 
 []

[4

]
File: pic/fig7.pdf Graphic file (type pdf)
<use pic/fig7.pdf>
File: logo_scnu.pdf Graphic file (type pdf)
<use logo_scnu.pdf>

Overfull \vbox (4.89197pt too high) detected at line 104
 []


Overfull \hbox (117.51947pt too wide) has occurred while \output is active
 [][][][]  
 []


Overfull \hbox (1.17358pt too wide) has occurred while \output is active
[][]  [] 
 []

[5

] (./MCM.toc)
File: logo_scnu.pdf Graphic file (type pdf)
<use logo_scnu.pdf>

Overfull \hbox (117.51947pt too wide) has occurred while \output is active
 [][][][]  
 []


Overfull \hbox (1.17358pt too wide) has occurred while \output is active
[][]  [] 
 []

[6

]
Invalid UTF-8 byte or sequence at line 123 replaced by U+FFFD.
Invalid UTF-8 byte or sequence at line 123 replaced by U+FFFD.
Invalid UTF-8 byte or sequence at line 123 replaced by U+FFFD.
Invalid UTF-8 byte or sequence at line 123 replaced by U+FFFD.
Invalid UTF-8 byte or sequence at line 123 replaced by U+FFFD.
Invalid UTF-8 byte or sequence at line 123 replaced by U+FFFD.
Invalid UTF-8 byte or sequence at line 123 replaced by U+FFFD.
File: pic/fig8.eps Graphic file (type eps)
<pic/fig8.eps>
File: logo_scnu.pdf Graphic file (type pdf)
<use logo_scnu.pdf>

Overfull \hbox (117.51947pt too wide) has occurred while \output is active
 [][][][]  
 []


Overfull \hbox (1.17358pt too wide) has occurred while \output is active
[][]  [] 
 []

[7

] (./MCM.toc)
File: logo_scnu.pdf Graphic file (type pdf)
<use logo_scnu.pdf>

Overfull \hbox (117.51947pt too wide) has occurred while \output is active
 [][][][]  
 []


Overfull \hbox (1.17358pt too wide) has occurred while \output is active
[][]  [] 
 []

[8

]
File: logo_scnu.pdf Graphic file (type pdf)
<use logo_scnu.pdf>

Overfull \hbox (117.51947pt too wide) has occurred while \output is active
 [][][][]  
 []


Overfull \hbox (1.17358pt too wide) has occurred while \output is active
[][]  [] 
 []

[9

]
File: logo_scnu.pdf Graphic file (type pdf)
<use logo_scnu.pdf>

Overfull \hbox (117.51947pt too wide) has occurred while \output is active
 [][][][]  
 []


Overfull \hbox (1.17358pt too wide) has occurred while \output is active
[][]  [] 
 []

[10

]
File: logo_scnu.pdf Graphic file (type pdf)
<use logo_scnu.pdf>

Overfull \hbox (117.51947pt too wide) has occurred while \output is active
 [][][][]  
 []


Overfull \hbox (1.17358pt too wide) has occurred while \output is active
[][]  [] 
 []

[11

]
File: logo_scnu.pdf Graphic file (type pdf)
<use logo_scnu.pdf>

Overfull \hbox (117.51947pt too wide) has occurred while \output is active
 [][][][]  
 []


Overfull \hbox (1.17358pt too wide) has occurred while \output is active
[][]  [] 
 []

[12

]
File: pic/fig13.pdf Graphic file (type pdf)
<use pic/fig13.pdf>
File: logo_scnu.pdf Graphic file (type pdf)
<use logo_scnu.pdf>

Overfull \hbox (117.51947pt too wide) has occurred while \output is active
 [][][][]  
 []


Overfull \hbox (1.17358pt too wide) has occurred while \output is active
[][]  [] 
 []

[13

]
File: pic/fig14.pdf Graphic file (type pdf)
<use pic/fig14.pdf>
File: logo_scnu.pdf Graphic file (type pdf)
<use logo_scnu.pdf>

Overfull \vbox (4.53697pt too high) detected at line 221
 []


Overfull \hbox (117.51947pt too wide) has occurred while \output is active
 [][][][]  
 []


Overfull \hbox (1.17358pt too wide) has occurred while \output is active
[][]  [] 
 []

[14

] (./MCM.toc)
File: logo_scnu.pdf Graphic file (type pdf)
<use logo_scnu.pdf>

Overfull \hbox (117.51947pt too wide) has occurred while \output is active
 [][][][]  
 []


Overfull \hbox (1.17358pt too wide) has occurred while \output is active
[][]  [] 
 []

[15

]
File: pic/pro.png Graphic file (type bmp)
<pic/pro.png>
File: pic/fig5.eps Graphic file (type eps)
<pic/fig5.eps>
File: logo_scnu.pdf Graphic file (type pdf)
<use logo_scnu.pdf>

Overfull \hbox (117.51947pt too wide) has occurred while \output is active
 [][][][]  
 []


Overfull \hbox (1.17358pt too wide) has occurred while \output is active
[][]  [] 
 []

[16

]
File: pic/fig15.pdf Graphic file (type pdf)
<use pic/fig15.pdf>
File: logo_scnu.pdf Graphic file (type pdf)
<use logo_scnu.pdf>

Overfull \vbox (4.95816pt too high) detected at line 238
 []


Overfull \hbox (117.51947pt too wide) has occurred while \output is active
 [][][][]  
 []


Overfull \hbox (1.17358pt too wide) has occurred while \output is active
[][]  [] 
 []

[17

] (./MCM.toc)
File: logo_scnu.pdf Graphic file (type pdf)
<use logo_scnu.pdf>

Overfull \hbox (117.51947pt too wide) has occurred while \output is active
 [][][][]  
 []


Overfull \hbox (1.17358pt too wide) has occurred while \output is active
[][]  [] 
 []

[18

]
File: logo_scnu.pdf Graphic file (type pdf)
<use logo_scnu.pdf>

Overfull \hbox (117.51947pt too wide) has occurred while \output is active
 [][][][]  
 []


Overfull \hbox (1.17358pt too wide) has occurred while \output is active
[][]  [] 
 []

[19

] (./MCM.toc)
File: logo_scnu.pdf Graphic file (type pdf)
<use logo_scnu.pdf>

Overfull \hbox (117.51947pt too wide) has occurred while \output is active
 [][][][]  
 []


Overfull \hbox (1.17358pt too wide) has occurred while \output is active
[][]  [] 
 []

[20

]
File: pic/fig17.pdf Graphic file (type pdf)
<use pic/fig17.pdf>
File: logo_scnu.pdf Graphic file (type pdf)
<use logo_scnu.pdf>

Overfull \vbox (9.30144pt too high) detected at line 276
 []


Overfull \hbox (117.51947pt too wide) has occurred while \output is active
 [][][][]  
 []


Overfull \hbox (1.17358pt too wide) has occurred while \output is active
[][]  [] 
 []

[21

]
File: pic/fig16.png Graphic file (type bmp)
<pic/fig16.png>
File: logo_scnu.pdf Graphic file (type pdf)
<use logo_scnu.pdf>

Overfull \hbox (117.51947pt too wide) has occurred while \output is active
 [][][][]  
 []


Overfull \hbox (1.17358pt too wide) has occurred while \output is active
[][]  [] 
 []

[22

]
File: pic/fig18.pdf Graphic file (type pdf)
<use pic/fig18.pdf>
File: logo_scnu.pdf Graphic file (type pdf)
<use logo_scnu.pdf>

Overfull \hbox (117.51947pt too wide) has occurred while \output is active
 [][][][]  
 []


Overfull \hbox (1.17358pt too wide) has occurred while \output is active
[][]  [] 
 []

[23

]
File: pic/fig19.pdf Graphic file (type pdf)
<use pic/fig19.pdf>
File: logo_scnu.pdf Graphic file (type pdf)
<use logo_scnu.pdf>

Overfull \vbox (8.5452pt too high) detected at line 306
 []


Overfull \hbox (117.51947pt too wide) has occurred while \output is active
 [][][][]  
 []


Overfull \hbox (1.17358pt too wide) has occurred while \output is active
[][]  [] 
 []

[24

]
File: pic/fig20.pdf Graphic file (type pdf)
<use pic/fig20.pdf>
File: logo_scnu.pdf Graphic file (type pdf)
<use logo_scnu.pdf>

Overfull \hbox (117.51947pt too wide) has occurred while \output is active
 [][][][]  
 []


Overfull \hbox (1.17358pt too wide) has occurred while \output is active
[][]  [] 
 []

[25

]
File: pic/fig21.pdf Graphic file (type pdf)
<use pic/fig21.pdf>
File: logo_scnu.pdf Graphic file (type pdf)
<use logo_scnu.pdf>

Overfull \vbox (7.71416pt too high) detected at line 340
 []


Overfull \hbox (117.51947pt too wide) has occurred while \output is active
 [][][][]  
 []


Overfull \hbox (1.17358pt too wide) has occurred while \output is active
[][]  [] 
 []

[26

] (./MCM.toc)
File: logo_scnu.pdf Graphic file (type pdf)
<use logo_scnu.pdf>

Overfull \hbox (117.51947pt too wide) has occurred while \output is active
 [][][][]  
 []


Overfull \hbox (1.17358pt too wide) has occurred while \output is active
[][]  [] 
 []

[27

]
File: logo_scnu.pdf Graphic file (type pdf)
<use logo_scnu.pdf>

Overfull \hbox (117.51947pt too wide) has occurred while \output is active
 [][][][]  
 []


Overfull \hbox (1.17358pt too wide) has occurred while \output is active
[][]  [] 
 []

[28

]
File: logo_scnu.pdf Graphic file (type pdf)
<use logo_scnu.pdf>

Overfull \hbox (117.51947pt too wide) has occurred while \output is active
 [][][][]  
 []


Overfull \hbox (1.17358pt too wide) has occurred while \output is active
[][]  [] 
 []

[29

]
File: pic/fig22.pdf Graphic file (type pdf)
<use pic/fig22.pdf>
File: logo_scnu.pdf Graphic file (type pdf)
<use logo_scnu.pdf>

Overfull \hbox (117.51947pt too wide) has occurred while \output is active
 [][][][]  
 []


Overfull \hbox (1.17358pt too wide) has occurred while \output is active
[][]  [] 
 []

[30

] [31

]
\tf@nav=\write8
\openout8 = `MCM.nav'.

\tf@toc=\write9
\openout9 = `MCM.toc'.

\tf@snm=\write10
\openout10 = `MCM.snm'.

Package atveryend Info: Empty hook `BeforeClearDocument' on input line 416.
Package atveryend Info: Empty hook `AfterLastShipout' on input line 416.
 (./MCM.aux)
Package atveryend Info: Empty hook `AtVeryEndDocument' on input line 416.
Package atveryend Info: Executing hook `AtEndAfterFileList' on input line 416.
Package rerunfilecheck Info: File `MCM.out' has not changed.
(rerunfilecheck)             Checksum: 6B89ABD30D152A23AC0C140DEE9F8943;400.


LaTeX Warning: There were multiply-defined labels.

 ) 
Here is how much of TeX's memory you used:
 34016 strings out of 479418
 718488 string characters out of 5890306
 1139711 words of memory out of 5000000
 50823 multiletter control sequences out of 15000+600000
 589796 words of font info for 120 fonts, out of 8000000 for 9000
 1348 hyphenation exceptions out of 8191
 60i,18n,100p,803b,994s stack positions out of 5000i,500n,10000p,200000b,80000s

Output written on MCM.pdf (31 pages).
